********************************************************************************
*                      Saturday, June 17, 2017 2:58:05 PM                      *
********************************************************************************
CSharpCompilerWrapper.exe version: 2.0.3.30
Platform: Windows
Target assembly: Assembly-CSharp.dll
Project directory: C:\Users\VIRE\Documents\Netplatformer
Target profile directory: C:\Program Files\Unity561\Editor\Data\Mono\lib\mono\unity
Unity 'Data' or 'Frameworks' directory: C:/Program Files/Unity561/Editor/Data
Compiler: Microsoft C# 7.0

- Compilation -----------------------------------------------

Process: C:\Users\VIRE\Documents\Netplatformer\CSharp70Support\Roslyn\csc.exe
Arguments: -nostdlib+ -noconfig -nologo -r:"C:\Program Files\Unity561\Editor\Data\Mono\lib\mono\unity\mscorlib.dll" -r:"C:\Program Files\Unity561\Editor\Data\Mono\lib\mono\unity\System.dll" -r:"C:\Program Files\Unity561\Editor\Data\Mono\lib\mono\unity\System.Core.dll" -r:"C:\Program Files\Unity561\Editor\Data\Mono\lib\mono\unity\System.Xml.dll" @Temp/UnityTempFile-ba57472de31b4414aa45a6615356ac19 
Exit code: 0
Elapsed time: 10.37 sec

- Compiler output (0 lines):

- Compiler errors (7 lines):
0: Assets\Anima2D\Scripts\SpriteMesh.cs(17,10): warning CS0649: Field 'SpriteMesh.m_Sprite' is never assigned to, and will always have its default value null
1: Assets\Eternal\Scripts\PlayerClasses\SwordsmenNetwork.cs(9,26): warning CS0649: Field 'SwordsmenNetwork.FollowCameraPrefab' is never assigned to, and will always have its default value null
2: Assets\Eternal\Scripts\NetworkManagerSample.cs(11,32): warning CS0649: Field 'NetworkManagerSample._characterPrefab' is never assigned to, and will always have its default value null
3: Assets\Anima2D\Scripts\SpriteMesh.cs(23,14): warning CS0649: Field 'SpriteMesh.m_SharedMaterials' is never assigned to, and will always have its default value null
4: Assets\Eternal\Scripts\PlayerClasses\AttackComboClasses\ComboSystem.cs(19,19): warning CS0649: Field 'ComboSystem.ComboResetTime' is never assigned to, and will always have its default value 0
5: Assets\Anima2D\Examples\Scripts\SkinnedMeshCombiner.cs(8,23): warning CS0649: Field 'SkinnedMeshCombiner.m_SpriteMeshInstances' is never assigned to, and will always have its default value null
6: Assets\Anima2D\Scripts\SpriteMesh.cs(20,8): warning CS0649: Field 'SpriteMesh.m_SharedMesh' is never assigned to, and will always have its default value null

- PDB to MDB conversion --------------------------------------

Process: C:\Users\VIRE\Documents\Netplatformer\CSharp70Support\Roslyn\pdb2mdb.exe
Arguments: Temp\Assembly-CSharp.dll
Exit code: 0
Elapsed time: 1.80 sec

- pdb2mdb.exe output (0 lines):
********************************************************************************
*                      Saturday, June 17, 2017 2:58:20 PM                      *
********************************************************************************
CSharpCompilerWrapper.exe version: 2.0.3.30
Platform: Windows
Target assembly: Assembly-CSharp-Editor.dll
Project directory: C:\Users\VIRE\Documents\Netplatformer
Target profile directory: C:\Program Files\Unity561\Editor\Data\MonoBleedingEdge\lib\mono\2.0-api
Unity 'Data' or 'Frameworks' directory: C:/Program Files/Unity561/Editor/Data
Compiler: Microsoft C# 7.0

- Compilation -----------------------------------------------

Process: C:\Users\VIRE\Documents\Netplatformer\CSharp70Support\Roslyn\csc.exe
Arguments: -nostdlib+ -noconfig -nologo -r:"C:\Program Files\Unity561\Editor\Data\MonoBleedingEdge\lib\mono\2.0-api\mscorlib.dll" -r:"C:\Program Files\Unity561\Editor\Data\MonoBleedingEdge\lib\mono\2.0-api\System.dll" -r:"C:\Program Files\Unity561\Editor\Data\MonoBleedingEdge\lib\mono\2.0-api\System.Core.dll" -r:"C:\Program Files\Unity561\Editor\Data\MonoBleedingEdge\lib\mono\2.0-api\System.Xml.dll" @Temp/UnityTempFile-c898e28b9d780e046a44c0f370a6efd9 
Exit code: 0
Elapsed time: 4.99 sec

- Compiler output (0 lines):

- Compiler errors (0 lines):

- PDB to MDB conversion --------------------------------------

Process: C:\Users\VIRE\Documents\Netplatformer\CSharp70Support\Roslyn\pdb2mdb.exe
Arguments: Temp\Assembly-CSharp-Editor.dll
Exit code: 0
Elapsed time: 0.46 sec

- pdb2mdb.exe output (0 lines):
********************************************************************************
*                      Saturday, June 17, 2017 2:58:40 PM                      *
********************************************************************************
CSharpCompilerWrapper.exe version: 2.0.3.30
Platform: Windows
Target assembly: Assembly-CSharp.dll
Project directory: C:\Users\VIRE\Documents\Netplatformer
Target profile directory: C:\Program Files\Unity561\Editor\Data\Mono\lib\mono\unity
Unity 'Data' or 'Frameworks' directory: C:/Program Files/Unity561/Editor/Data
Compiler: Microsoft C# 7.0

- Compilation -----------------------------------------------

Process: C:\Users\VIRE\Documents\Netplatformer\CSharp70Support\Roslyn\csc.exe
Arguments: -nostdlib+ -noconfig -nologo -r:"C:\Program Files\Unity561\Editor\Data\Mono\lib\mono\unity\mscorlib.dll" -r:"C:\Program Files\Unity561\Editor\Data\Mono\lib\mono\unity\System.dll" -r:"C:\Program Files\Unity561\Editor\Data\Mono\lib\mono\unity\System.Core.dll" -r:"C:\Program Files\Unity561\Editor\Data\Mono\lib\mono\unity\System.Xml.dll" @Temp/UnityTempFile-2ab39ad449cc58d41a2cca39ae3e1775 
Exit code: 0
Elapsed time: 5.36 sec

- Compiler output (0 lines):

- Compiler errors (7 lines):
0: Assets\Anima2D\Scripts\SpriteMesh.cs(23,14): warning CS0649: Field 'SpriteMesh.m_SharedMaterials' is never assigned to, and will always have its default value null
1: Assets\Anima2D\Scripts\SpriteMesh.cs(20,8): warning CS0649: Field 'SpriteMesh.m_SharedMesh' is never assigned to, and will always have its default value null
2: Assets\Eternal\Scripts\PlayerClasses\AttackComboClasses\ComboSystem.cs(19,19): warning CS0649: Field 'ComboSystem._comboResetTime' is never assigned to, and will always have its default value 0
3: Assets\Anima2D\Scripts\SpriteMesh.cs(17,10): warning CS0649: Field 'SpriteMesh.m_Sprite' is never assigned to, and will always have its default value null
4: Assets\Eternal\Scripts\PlayerClasses\SwordsmenNetwork.cs(9,26): warning CS0649: Field 'SwordsmenNetwork.FollowCameraPrefab' is never assigned to, and will always have its default value null
5: Assets\Eternal\Scripts\NetworkManagerSample.cs(11,32): warning CS0649: Field 'NetworkManagerSample._characterPrefab' is never assigned to, and will always have its default value null
6: Assets\Anima2D\Examples\Scripts\SkinnedMeshCombiner.cs(8,23): warning CS0649: Field 'SkinnedMeshCombiner.m_SpriteMeshInstances' is never assigned to, and will always have its default value null

- PDB to MDB conversion --------------------------------------

Process: C:\Users\VIRE\Documents\Netplatformer\CSharp70Support\Roslyn\pdb2mdb.exe
Arguments: Temp\Assembly-CSharp.dll
Exit code: 0
Elapsed time: 0.38 sec

- pdb2mdb.exe output (0 lines):
********************************************************************************
*                      Saturday, June 17, 2017 2:58:48 PM                      *
********************************************************************************
CSharpCompilerWrapper.exe version: 2.0.3.30
Platform: Windows
Target assembly: Assembly-CSharp-Editor.dll
Project directory: C:\Users\VIRE\Documents\Netplatformer
Target profile directory: C:\Program Files\Unity561\Editor\Data\MonoBleedingEdge\lib\mono\2.0-api
Unity 'Data' or 'Frameworks' directory: C:/Program Files/Unity561/Editor/Data
Compiler: Microsoft C# 7.0

- Compilation -----------------------------------------------

Process: C:\Users\VIRE\Documents\Netplatformer\CSharp70Support\Roslyn\csc.exe
Arguments: -nostdlib+ -noconfig -nologo -r:"C:\Program Files\Unity561\Editor\Data\MonoBleedingEdge\lib\mono\2.0-api\mscorlib.dll" -r:"C:\Program Files\Unity561\Editor\Data\MonoBleedingEdge\lib\mono\2.0-api\System.dll" -r:"C:\Program Files\Unity561\Editor\Data\MonoBleedingEdge\lib\mono\2.0-api\System.Core.dll" -r:"C:\Program Files\Unity561\Editor\Data\MonoBleedingEdge\lib\mono\2.0-api\System.Xml.dll" @Temp/UnityTempFile-3dddfc281e34a6742ae41f8524df43a1 
Exit code: 0
Elapsed time: 4.69 sec

- Compiler output (0 lines):

- Compiler errors (0 lines):

- PDB to MDB conversion --------------------------------------

Process: C:\Users\VIRE\Documents\Netplatformer\CSharp70Support\Roslyn\pdb2mdb.exe
Arguments: Temp\Assembly-CSharp-Editor.dll
Exit code: 0
Elapsed time: 0.37 sec

- pdb2mdb.exe output (0 lines):
********************************************************************************
*                      Saturday, June 17, 2017 2:59:09 PM                      *
********************************************************************************
CSharpCompilerWrapper.exe version: 2.0.3.30
Platform: Windows
Target assembly: Assembly-CSharp.dll
Project directory: C:\Users\VIRE\Documents\Netplatformer
Target profile directory: C:\Program Files\Unity561\Editor\Data\Mono\lib\mono\unity
Unity 'Data' or 'Frameworks' directory: C:/Program Files/Unity561/Editor/Data
Compiler: Microsoft C# 7.0

- Compilation -----------------------------------------------

Process: C:\Users\VIRE\Documents\Netplatformer\CSharp70Support\Roslyn\csc.exe
Arguments: -nostdlib+ -noconfig -nologo -r:"C:\Program Files\Unity561\Editor\Data\Mono\lib\mono\unity\mscorlib.dll" -r:"C:\Program Files\Unity561\Editor\Data\Mono\lib\mono\unity\System.dll" -r:"C:\Program Files\Unity561\Editor\Data\Mono\lib\mono\unity\System.Core.dll" -r:"C:\Program Files\Unity561\Editor\Data\Mono\lib\mono\unity\System.Xml.dll" @Temp/UnityTempFile-d8c9c0297ec71df41abf4e756b9b718f 
Exit code: 0
Elapsed time: 5.30 sec

- Compiler output (0 lines):

- Compiler errors (7 lines):
0: Assets\Eternal\Scripts\NetworkManagerSample.cs(11,32): warning CS0649: Field 'NetworkManagerSample._characterPrefab' is never assigned to, and will always have its default value null
1: Assets\Anima2D\Scripts\SpriteMesh.cs(17,10): warning CS0649: Field 'SpriteMesh.m_Sprite' is never assigned to, and will always have its default value null
2: Assets\Eternal\Scripts\PlayerClasses\SwordsmenNetwork.cs(9,26): warning CS0649: Field 'SwordsmenNetwork.FollowCameraPrefab' is never assigned to, and will always have its default value null
3: Assets\Anima2D\Scripts\SpriteMesh.cs(23,14): warning CS0649: Field 'SpriteMesh.m_SharedMaterials' is never assigned to, and will always have its default value null
4: Assets\Anima2D\Examples\Scripts\SkinnedMeshCombiner.cs(8,23): warning CS0649: Field 'SkinnedMeshCombiner.m_SpriteMeshInstances' is never assigned to, and will always have its default value null
5: Assets\Anima2D\Scripts\SpriteMesh.cs(20,8): warning CS0649: Field 'SpriteMesh.m_SharedMesh' is never assigned to, and will always have its default value null
6: Assets\Eternal\Scripts\PlayerClasses\AttackComboClasses\ComboSystem.cs(19,19): warning CS0649: Field 'ComboSystem._comboResetTime' is never assigned to, and will always have its default value 0

- PDB to MDB conversion --------------------------------------

Process: C:\Users\VIRE\Documents\Netplatformer\CSharp70Support\Roslyn\pdb2mdb.exe
Arguments: Temp\Assembly-CSharp.dll
Exit code: 0
Elapsed time: 0.40 sec

- pdb2mdb.exe output (0 lines):
********************************************************************************
*                      Saturday, June 17, 2017 2:59:16 PM                      *
********************************************************************************
CSharpCompilerWrapper.exe version: 2.0.3.30
Platform: Windows
Target assembly: Assembly-CSharp-Editor.dll
Project directory: C:\Users\VIRE\Documents\Netplatformer
Target profile directory: C:\Program Files\Unity561\Editor\Data\MonoBleedingEdge\lib\mono\2.0-api
Unity 'Data' or 'Frameworks' directory: C:/Program Files/Unity561/Editor/Data
Compiler: Microsoft C# 7.0

- Compilation -----------------------------------------------

Process: C:\Users\VIRE\Documents\Netplatformer\CSharp70Support\Roslyn\csc.exe
Arguments: -nostdlib+ -noconfig -nologo -r:"C:\Program Files\Unity561\Editor\Data\MonoBleedingEdge\lib\mono\2.0-api\mscorlib.dll" -r:"C:\Program Files\Unity561\Editor\Data\MonoBleedingEdge\lib\mono\2.0-api\System.dll" -r:"C:\Program Files\Unity561\Editor\Data\MonoBleedingEdge\lib\mono\2.0-api\System.Core.dll" -r:"C:\Program Files\Unity561\Editor\Data\MonoBleedingEdge\lib\mono\2.0-api\System.Xml.dll" @Temp/UnityTempFile-64263d0f04aa52a49a58ad066219b327 
Exit code: 0
Elapsed time: 5.11 sec

- Compiler output (0 lines):

- Compiler errors (0 lines):

- PDB to MDB conversion --------------------------------------

Process: C:\Users\VIRE\Documents\Netplatformer\CSharp70Support\Roslyn\pdb2mdb.exe
Arguments: Temp\Assembly-CSharp-Editor.dll
Exit code: 0
Elapsed time: 0.33 sec

- pdb2mdb.exe output (0 lines):
********************************************************************************
*                      Saturday, June 17, 2017 2:59:52 PM                      *
********************************************************************************
CSharpCompilerWrapper.exe version: 2.0.3.30
Platform: Windows
Target assembly: Assembly-CSharp.dll
Project directory: C:\Users\VIRE\Documents\Netplatformer
Target profile directory: C:\Program Files\Unity561\Editor\Data\Mono\lib\mono\unity
Unity 'Data' or 'Frameworks' directory: C:/Program Files/Unity561/Editor/Data
Compiler: Microsoft C# 7.0

- Compilation -----------------------------------------------

Process: C:\Users\VIRE\Documents\Netplatformer\CSharp70Support\Roslyn\csc.exe
Arguments: -nostdlib+ -noconfig -nologo -r:"C:\Program Files\Unity561\Editor\Data\Mono\lib\mono\unity\mscorlib.dll" -r:"C:\Program Files\Unity561\Editor\Data\Mono\lib\mono\unity\System.dll" -r:"C:\Program Files\Unity561\Editor\Data\Mono\lib\mono\unity\System.Core.dll" -r:"C:\Program Files\Unity561\Editor\Data\Mono\lib\mono\unity\System.Xml.dll" @Temp/UnityTempFile-a2472da323cccfa4e8031c95582da9a7 
Exit code: 0
Elapsed time: 5.15 sec

- Compiler output (0 lines):

- Compiler errors (7 lines):
0: Assets\Anima2D\Examples\Scripts\SkinnedMeshCombiner.cs(8,23): warning CS0649: Field 'SkinnedMeshCombiner.m_SpriteMeshInstances' is never assigned to, and will always have its default value null
1: Assets\Anima2D\Scripts\SpriteMesh.cs(17,10): warning CS0649: Field 'SpriteMesh.m_Sprite' is never assigned to, and will always have its default value null
2: Assets\Anima2D\Scripts\SpriteMesh.cs(20,8): warning CS0649: Field 'SpriteMesh.m_SharedMesh' is never assigned to, and will always have its default value null
3: Assets\Anima2D\Scripts\SpriteMesh.cs(23,14): warning CS0649: Field 'SpriteMesh.m_SharedMaterials' is never assigned to, and will always have its default value null
4: Assets\Eternal\Scripts\PlayerClasses\AttackComboClasses\ComboSystem.cs(19,19): warning CS0649: Field 'ComboSystem._comboResetTime' is never assigned to, and will always have its default value 0
5: Assets\Eternal\Scripts\NetworkManagerSample.cs(11,32): warning CS0649: Field 'NetworkManagerSample._characterPrefab' is never assigned to, and will always have its default value null
6: Assets\Eternal\Scripts\PlayerClasses\SwordsmenNetwork.cs(9,26): warning CS0649: Field 'SwordsmenNetwork.FollowCameraPrefab' is never assigned to, and will always have its default value null

- PDB to MDB conversion --------------------------------------

Process: C:\Users\VIRE\Documents\Netplatformer\CSharp70Support\Roslyn\pdb2mdb.exe
Arguments: Temp\Assembly-CSharp.dll
Exit code: 0
Elapsed time: 0.29 sec

- pdb2mdb.exe output (0 lines):
********************************************************************************
*                      Saturday, June 17, 2017 2:59:59 PM                      *
********************************************************************************
CSharpCompilerWrapper.exe version: 2.0.3.30
Platform: Windows
Target assembly: Assembly-CSharp-Editor.dll
Project directory: C:\Users\VIRE\Documents\Netplatformer
Target profile directory: C:\Program Files\Unity561\Editor\Data\MonoBleedingEdge\lib\mono\2.0-api
Unity 'Data' or 'Frameworks' directory: C:/Program Files/Unity561/Editor/Data
Compiler: Microsoft C# 7.0

- Compilation -----------------------------------------------

Process: C:\Users\VIRE\Documents\Netplatformer\CSharp70Support\Roslyn\csc.exe
Arguments: -nostdlib+ -noconfig -nologo -r:"C:\Program Files\Unity561\Editor\Data\MonoBleedingEdge\lib\mono\2.0-api\mscorlib.dll" -r:"C:\Program Files\Unity561\Editor\Data\MonoBleedingEdge\lib\mono\2.0-api\System.dll" -r:"C:\Program Files\Unity561\Editor\Data\MonoBleedingEdge\lib\mono\2.0-api\System.Core.dll" -r:"C:\Program Files\Unity561\Editor\Data\MonoBleedingEdge\lib\mono\2.0-api\System.Xml.dll" @Temp/UnityTempFile-1e39599dbcc76af438ae12b178987093 
Exit code: 0
Elapsed time: 4.56 sec

- Compiler output (0 lines):

- Compiler errors (0 lines):

- PDB to MDB conversion --------------------------------------

Process: C:\Users\VIRE\Documents\Netplatformer\CSharp70Support\Roslyn\pdb2mdb.exe
Arguments: Temp\Assembly-CSharp-Editor.dll
Exit code: 0
Elapsed time: 0.26 sec

- pdb2mdb.exe output (0 lines):
********************************************************************************
*                      Saturday, June 17, 2017 3:00:38 PM                      *
********************************************************************************
CSharpCompilerWrapper.exe version: 2.0.3.30
Platform: Windows
Target assembly: Assembly-CSharp.dll
Project directory: C:\Users\VIRE\Documents\Netplatformer
Target profile directory: C:\Program Files\Unity561\Editor\Data\Mono\lib\mono\unity
Unity 'Data' or 'Frameworks' directory: C:/Program Files/Unity561/Editor/Data
Compiler: Microsoft C# 7.0

- Compilation -----------------------------------------------

Process: C:\Users\VIRE\Documents\Netplatformer\CSharp70Support\Roslyn\csc.exe
Arguments: -nostdlib+ -noconfig -nologo -r:"C:\Program Files\Unity561\Editor\Data\Mono\lib\mono\unity\mscorlib.dll" -r:"C:\Program Files\Unity561\Editor\Data\Mono\lib\mono\unity\System.dll" -r:"C:\Program Files\Unity561\Editor\Data\Mono\lib\mono\unity\System.Core.dll" -r:"C:\Program Files\Unity561\Editor\Data\Mono\lib\mono\unity\System.Xml.dll" @Temp/UnityTempFile-5aa517902fc7e21478a25e58c70e526d 
Exit code: 0
Elapsed time: 5.13 sec

- Compiler output (0 lines):

- Compiler errors (7 lines):
0: Assets\Eternal\Scripts\PlayerClasses\SwordsmenNetwork.cs(9,26): warning CS0649: Field 'SwordsmenNetwork.FollowCameraPrefab' is never assigned to, and will always have its default value null
1: Assets\Eternal\Scripts\PlayerClasses\AttackComboClasses\ComboSystem.cs(25,19): warning CS0649: Field 'ComboSystem._comboResetTime' is never assigned to, and will always have its default value 0
2: Assets\Anima2D\Scripts\SpriteMesh.cs(17,10): warning CS0649: Field 'SpriteMesh.m_Sprite' is never assigned to, and will always have its default value null
3: Assets\Eternal\Scripts\NetworkManagerSample.cs(11,32): warning CS0649: Field 'NetworkManagerSample._characterPrefab' is never assigned to, and will always have its default value null
4: Assets\Anima2D\Scripts\SpriteMesh.cs(20,8): warning CS0649: Field 'SpriteMesh.m_SharedMesh' is never assigned to, and will always have its default value null
5: Assets\Anima2D\Examples\Scripts\SkinnedMeshCombiner.cs(8,23): warning CS0649: Field 'SkinnedMeshCombiner.m_SpriteMeshInstances' is never assigned to, and will always have its default value null
6: Assets\Anima2D\Scripts\SpriteMesh.cs(23,14): warning CS0649: Field 'SpriteMesh.m_SharedMaterials' is never assigned to, and will always have its default value null

- PDB to MDB conversion --------------------------------------

Process: C:\Users\VIRE\Documents\Netplatformer\CSharp70Support\Roslyn\pdb2mdb.exe
Arguments: Temp\Assembly-CSharp.dll
Exit code: 0
Elapsed time: 0.27 sec

- pdb2mdb.exe output (0 lines):
********************************************************************************
*                      Saturday, June 17, 2017 3:00:46 PM                      *
********************************************************************************
CSharpCompilerWrapper.exe version: 2.0.3.30
Platform: Windows
Target assembly: Assembly-CSharp-Editor.dll
Project directory: C:\Users\VIRE\Documents\Netplatformer
Target profile directory: C:\Program Files\Unity561\Editor\Data\MonoBleedingEdge\lib\mono\2.0-api
Unity 'Data' or 'Frameworks' directory: C:/Program Files/Unity561/Editor/Data
Compiler: Microsoft C# 7.0

- Compilation -----------------------------------------------

Process: C:\Users\VIRE\Documents\Netplatformer\CSharp70Support\Roslyn\csc.exe
Arguments: -nostdlib+ -noconfig -nologo -r:"C:\Program Files\Unity561\Editor\Data\MonoBleedingEdge\lib\mono\2.0-api\mscorlib.dll" -r:"C:\Program Files\Unity561\Editor\Data\MonoBleedingEdge\lib\mono\2.0-api\System.dll" -r:"C:\Program Files\Unity561\Editor\Data\MonoBleedingEdge\lib\mono\2.0-api\System.Core.dll" -r:"C:\Program Files\Unity561\Editor\Data\MonoBleedingEdge\lib\mono\2.0-api\System.Xml.dll" @Temp/UnityTempFile-0573a83f7ffa3c34eae41133ca2e183d 
Exit code: 0
Elapsed time: 4.55 sec

- Compiler output (0 lines):

- Compiler errors (0 lines):

- PDB to MDB conversion --------------------------------------

Process: C:\Users\VIRE\Documents\Netplatformer\CSharp70Support\Roslyn\pdb2mdb.exe
Arguments: Temp\Assembly-CSharp-Editor.dll
Exit code: 0
Elapsed time: 0.24 sec

- pdb2mdb.exe output (0 lines):
********************************************************************************
*                      Saturday, June 17, 2017 3:01:37 PM                      *
********************************************************************************
CSharpCompilerWrapper.exe version: 2.0.3.30
Platform: Windows
Target assembly: Assembly-CSharp.dll
Project directory: C:\Users\VIRE\Documents\Netplatformer
Target profile directory: C:\Program Files\Unity561\Editor\Data\Mono\lib\mono\unity
Unity 'Data' or 'Frameworks' directory: C:/Program Files/Unity561/Editor/Data
Compiler: Microsoft C# 7.0

- Compilation -----------------------------------------------

Process: C:\Users\VIRE\Documents\Netplatformer\CSharp70Support\Roslyn\csc.exe
Arguments: -nostdlib+ -noconfig -nologo -r:"C:\Program Files\Unity561\Editor\Data\Mono\lib\mono\unity\mscorlib.dll" -r:"C:\Program Files\Unity561\Editor\Data\Mono\lib\mono\unity\System.dll" -r:"C:\Program Files\Unity561\Editor\Data\Mono\lib\mono\unity\System.Core.dll" -r:"C:\Program Files\Unity561\Editor\Data\Mono\lib\mono\unity\System.Xml.dll" @Temp/UnityTempFile-2f0e10c90cb8373419471a665fd633c8 
Exit code: 0
Elapsed time: 5.30 sec

- Compiler output (0 lines):

- Compiler errors (6 lines):
0: Assets\Eternal\Scripts\NetworkManagerSample.cs(11,32): warning CS0649: Field 'NetworkManagerSample._characterPrefab' is never assigned to, and will always have its default value null
1: Assets\Eternal\Scripts\PlayerClasses\SwordsmenNetwork.cs(9,26): warning CS0649: Field 'SwordsmenNetwork.FollowCameraPrefab' is never assigned to, and will always have its default value null
2: Assets\Anima2D\Scripts\SpriteMesh.cs(17,10): warning CS0649: Field 'SpriteMesh.m_Sprite' is never assigned to, and will always have its default value null
3: Assets\Anima2D\Examples\Scripts\SkinnedMeshCombiner.cs(8,23): warning CS0649: Field 'SkinnedMeshCombiner.m_SpriteMeshInstances' is never assigned to, and will always have its default value null
4: Assets\Anima2D\Scripts\SpriteMesh.cs(23,14): warning CS0649: Field 'SpriteMesh.m_SharedMaterials' is never assigned to, and will always have its default value null
5: Assets\Anima2D\Scripts\SpriteMesh.cs(20,8): warning CS0649: Field 'SpriteMesh.m_SharedMesh' is never assigned to, and will always have its default value null

- PDB to MDB conversion --------------------------------------

Process: C:\Users\VIRE\Documents\Netplatformer\CSharp70Support\Roslyn\pdb2mdb.exe
Arguments: Temp\Assembly-CSharp.dll
Exit code: 0
Elapsed time: 0.31 sec

- pdb2mdb.exe output (0 lines):
********************************************************************************
*                      Saturday, June 17, 2017 3:01:45 PM                      *
********************************************************************************
CSharpCompilerWrapper.exe version: 2.0.3.30
Platform: Windows
Target assembly: Assembly-CSharp-Editor.dll
Project directory: C:\Users\VIRE\Documents\Netplatformer
Target profile directory: C:\Program Files\Unity561\Editor\Data\MonoBleedingEdge\lib\mono\2.0-api
Unity 'Data' or 'Frameworks' directory: C:/Program Files/Unity561/Editor/Data
Compiler: Microsoft C# 7.0

- Compilation -----------------------------------------------

Process: C:\Users\VIRE\Documents\Netplatformer\CSharp70Support\Roslyn\csc.exe
Arguments: -nostdlib+ -noconfig -nologo -r:"C:\Program Files\Unity561\Editor\Data\MonoBleedingEdge\lib\mono\2.0-api\mscorlib.dll" -r:"C:\Program Files\Unity561\Editor\Data\MonoBleedingEdge\lib\mono\2.0-api\System.dll" -r:"C:\Program Files\Unity561\Editor\Data\MonoBleedingEdge\lib\mono\2.0-api\System.Core.dll" -r:"C:\Program Files\Unity561\Editor\Data\MonoBleedingEdge\lib\mono\2.0-api\System.Xml.dll" @Temp/UnityTempFile-b5b2c3ae1a8b8694fa06670ee4cf2ece 
Exit code: 0
Elapsed time: 4.75 sec

- Compiler output (0 lines):

- Compiler errors (0 lines):

- PDB to MDB conversion --------------------------------------

Process: C:\Users\VIRE\Documents\Netplatformer\CSharp70Support\Roslyn\pdb2mdb.exe
Arguments: Temp\Assembly-CSharp-Editor.dll
Exit code: 0
Elapsed time: 0.29 sec

- pdb2mdb.exe output (0 lines):
********************************************************************************
*                      Saturday, June 17, 2017 3:02:19 PM                      *
********************************************************************************
CSharpCompilerWrapper.exe version: 2.0.3.30
Platform: Windows
Target assembly: Assembly-CSharp.dll
Project directory: C:\Users\VIRE\Documents\Netplatformer
Target profile directory: C:\Program Files\Unity561\Editor\Data\Mono\lib\mono\unity
Unity 'Data' or 'Frameworks' directory: C:/Program Files/Unity561/Editor/Data
Compiler: Microsoft C# 7.0

- Compilation -----------------------------------------------

Process: C:\Users\VIRE\Documents\Netplatformer\CSharp70Support\Roslyn\csc.exe
Arguments: -nostdlib+ -noconfig -nologo -r:"C:\Program Files\Unity561\Editor\Data\Mono\lib\mono\unity\mscorlib.dll" -r:"C:\Program Files\Unity561\Editor\Data\Mono\lib\mono\unity\System.dll" -r:"C:\Program Files\Unity561\Editor\Data\Mono\lib\mono\unity\System.Core.dll" -r:"C:\Program Files\Unity561\Editor\Data\Mono\lib\mono\unity\System.Xml.dll" @Temp/UnityTempFile-34667168e8ff7f340b530c5e66a9b9d7 
Exit code: 0
Elapsed time: 5.20 sec

- Compiler output (0 lines):

- Compiler errors (6 lines):
0: Assets\Eternal\Scripts\PlayerClasses\SwordsmenNetwork.cs(9,26): warning CS0649: Field 'SwordsmenNetwork.FollowCameraPrefab' is never assigned to, and will always have its default value null
1: Assets\Eternal\Scripts\NetworkManagerSample.cs(11,32): warning CS0649: Field 'NetworkManagerSample._characterPrefab' is never assigned to, and will always have its default value null
2: Assets\Anima2D\Scripts\SpriteMesh.cs(23,14): warning CS0649: Field 'SpriteMesh.m_SharedMaterials' is never assigned to, and will always have its default value null
3: Assets\Anima2D\Examples\Scripts\SkinnedMeshCombiner.cs(8,23): warning CS0649: Field 'SkinnedMeshCombiner.m_SpriteMeshInstances' is never assigned to, and will always have its default value null
4: Assets\Anima2D\Scripts\SpriteMesh.cs(17,10): warning CS0649: Field 'SpriteMesh.m_Sprite' is never assigned to, and will always have its default value null
5: Assets\Anima2D\Scripts\SpriteMesh.cs(20,8): warning CS0649: Field 'SpriteMesh.m_SharedMesh' is never assigned to, and will always have its default value null

- PDB to MDB conversion --------------------------------------

Process: C:\Users\VIRE\Documents\Netplatformer\CSharp70Support\Roslyn\pdb2mdb.exe
Arguments: Temp\Assembly-CSharp.dll
Exit code: 0
Elapsed time: 0.30 sec

- pdb2mdb.exe output (0 lines):
********************************************************************************
*                      Saturday, June 17, 2017 3:02:27 PM                      *
********************************************************************************
CSharpCompilerWrapper.exe version: 2.0.3.30
Platform: Windows
Target assembly: Assembly-CSharp-Editor.dll
Project directory: C:\Users\VIRE\Documents\Netplatformer
Target profile directory: C:\Program Files\Unity561\Editor\Data\MonoBleedingEdge\lib\mono\2.0-api
Unity 'Data' or 'Frameworks' directory: C:/Program Files/Unity561/Editor/Data
Compiler: Microsoft C# 7.0

- Compilation -----------------------------------------------

Process: C:\Users\VIRE\Documents\Netplatformer\CSharp70Support\Roslyn\csc.exe
Arguments: -nostdlib+ -noconfig -nologo -r:"C:\Program Files\Unity561\Editor\Data\MonoBleedingEdge\lib\mono\2.0-api\mscorlib.dll" -r:"C:\Program Files\Unity561\Editor\Data\MonoBleedingEdge\lib\mono\2.0-api\System.dll" -r:"C:\Program Files\Unity561\Editor\Data\MonoBleedingEdge\lib\mono\2.0-api\System.Core.dll" -r:"C:\Program Files\Unity561\Editor\Data\MonoBleedingEdge\lib\mono\2.0-api\System.Xml.dll" @Temp/UnityTempFile-01071482e7767294c98992762d3852b0 
Exit code: 0
Elapsed time: 4.55 sec

- Compiler output (0 lines):

- Compiler errors (0 lines):

- PDB to MDB conversion --------------------------------------

Process: C:\Users\VIRE\Documents\Netplatformer\CSharp70Support\Roslyn\pdb2mdb.exe
Arguments: Temp\Assembly-CSharp-Editor.dll
Exit code: 0
Elapsed time: 0.25 sec

- pdb2mdb.exe output (0 lines):
********************************************************************************
*                      Saturday, June 17, 2017 3:03:56 PM                      *
********************************************************************************
CSharpCompilerWrapper.exe version: 2.0.3.30
Platform: Windows
Target assembly: Assembly-CSharp.dll
Project directory: C:\Users\VIRE\Documents\Netplatformer
Target profile directory: C:\Program Files\Unity561\Editor\Data\Mono\lib\mono\unity
Unity 'Data' or 'Frameworks' directory: C:/Program Files/Unity561/Editor/Data
Compiler: Microsoft C# 7.0

- Compilation -----------------------------------------------

Process: C:\Users\VIRE\Documents\Netplatformer\CSharp70Support\Roslyn\csc.exe
Arguments: -nostdlib+ -noconfig -nologo -r:"C:\Program Files\Unity561\Editor\Data\Mono\lib\mono\unity\mscorlib.dll" -r:"C:\Program Files\Unity561\Editor\Data\Mono\lib\mono\unity\System.dll" -r:"C:\Program Files\Unity561\Editor\Data\Mono\lib\mono\unity\System.Core.dll" -r:"C:\Program Files\Unity561\Editor\Data\Mono\lib\mono\unity\System.Xml.dll" @Temp/UnityTempFile-2fb959f6caa89e348bfedc1e4c03a2a3 
Exit code: 0
Elapsed time: 5.21 sec

- Compiler output (0 lines):

- Compiler errors (6 lines):
0: Assets\Anima2D\Scripts\SpriteMesh.cs(20,8): warning CS0649: Field 'SpriteMesh.m_SharedMesh' is never assigned to, and will always have its default value null
1: Assets\Eternal\Scripts\PlayerClasses\SwordsmenNetwork.cs(9,26): warning CS0649: Field 'SwordsmenNetwork.FollowCameraPrefab' is never assigned to, and will always have its default value null
2: Assets\Eternal\Scripts\NetworkManagerSample.cs(11,32): warning CS0649: Field 'NetworkManagerSample._characterPrefab' is never assigned to, and will always have its default value null
3: Assets\Anima2D\Scripts\SpriteMesh.cs(17,10): warning CS0649: Field 'SpriteMesh.m_Sprite' is never assigned to, and will always have its default value null
4: Assets\Anima2D\Scripts\SpriteMesh.cs(23,14): warning CS0649: Field 'SpriteMesh.m_SharedMaterials' is never assigned to, and will always have its default value null
5: Assets\Anima2D\Examples\Scripts\SkinnedMeshCombiner.cs(8,23): warning CS0649: Field 'SkinnedMeshCombiner.m_SpriteMeshInstances' is never assigned to, and will always have its default value null

- PDB to MDB conversion --------------------------------------

Process: C:\Users\VIRE\Documents\Netplatformer\CSharp70Support\Roslyn\pdb2mdb.exe
Arguments: Temp\Assembly-CSharp.dll
Exit code: 0
Elapsed time: 0.34 sec

- pdb2mdb.exe output (0 lines):
********************************************************************************
*                      Saturday, June 17, 2017 3:04:04 PM                      *
********************************************************************************
CSharpCompilerWrapper.exe version: 2.0.3.30
Platform: Windows
Target assembly: Assembly-CSharp-Editor.dll
Project directory: C:\Users\VIRE\Documents\Netplatformer
Target profile directory: C:\Program Files\Unity561\Editor\Data\MonoBleedingEdge\lib\mono\2.0-api
Unity 'Data' or 'Frameworks' directory: C:/Program Files/Unity561/Editor/Data
Compiler: Microsoft C# 7.0

- Compilation -----------------------------------------------

Process: C:\Users\VIRE\Documents\Netplatformer\CSharp70Support\Roslyn\csc.exe
Arguments: -nostdlib+ -noconfig -nologo -r:"C:\Program Files\Unity561\Editor\Data\MonoBleedingEdge\lib\mono\2.0-api\mscorlib.dll" -r:"C:\Program Files\Unity561\Editor\Data\MonoBleedingEdge\lib\mono\2.0-api\System.dll" -r:"C:\Program Files\Unity561\Editor\Data\MonoBleedingEdge\lib\mono\2.0-api\System.Core.dll" -r:"C:\Program Files\Unity561\Editor\Data\MonoBleedingEdge\lib\mono\2.0-api\System.Xml.dll" @Temp/UnityTempFile-9ba659facb480aa498b71a9ed6f607eb 
Exit code: 0
Elapsed time: 4.47 sec

- Compiler output (0 lines):

- Compiler errors (0 lines):

- PDB to MDB conversion --------------------------------------

Process: C:\Users\VIRE\Documents\Netplatformer\CSharp70Support\Roslyn\pdb2mdb.exe
Arguments: Temp\Assembly-CSharp-Editor.dll
Exit code: 0
Elapsed time: 0.24 sec

- pdb2mdb.exe output (0 lines):
